<?xml version="1.0" encoding="UTF-8"?>
<testsuite name="_2_VertexTests" tests="1" skipped="0" failures="0" errors="0" timestamp="2023-01-09T18:22:39" hostname="mac.local" time="13.803">
  <properties/>
  <testcase name="start" classname="_2_VertexTests" time="13.803"/>
  <system-out><![CDATA[?[1;31m
Start test 1 (5)?[0m
?[1;31m
Start test 2 (6)?[0m
?[1;31m
Start test 3 (7)?[0m
?[1;31m
Start test 4 (8)?[0m
?[1;31m
Start test 5 (9)?[0m
?[1;31m
Start test 6 (10)?[0m
?[1;31m
Start test 7 (11)?[0m
?[1;31m
Start test 8 (12)?[0m
?[1;31m
Start test 9 (13)?[0m
]]></system-out>
  <system-err><![CDATA[]]></system-err>
</testsuite>
